<?xml version="1.0" encoding="UTF-8"?>
<!-- Generated by org.testng.reporters.JUnitXMLReporter -->
<testsuite hostname="LAPTOP-1DG9OKO7" ignored="0" name="Default test" tests="3" failures="0" timestamp="2022-01-30T21:24:54 IST" time="0.052" errors="0">
  <testcase name="bookTikTest" time="0.006" classname="practise.Destination"/>
  <testcase name="bookTikTest" time="0.001" classname="practise.Destination"/>
  <testcase name="bookTikTest" time="0.001" classname="practise.Destination"/>
</testsuite> <!-- Default test -->
