<?xml version="1.0" encoding="UTF-8"?>
<!-- Generated by org.testng.reporters.JUnitXMLReporter -->
<testsuite hostname="LAPTOP-1DG9OKO7" ignored="4" name="Test" tests="2" failures="0" timestamp="2022-01-21T13:19:04 IST" time="71.745" errors="0">
  <testcase name="CreateOrgWithIndustry" time="12.907" classname="com.crm.comcast.organizationTest.OrganizationModuleTest"/>
  <testcase name="CreateContactWithOrgTest" time="32.742" classname="com.crm.comcast.contactTest.ContactModuleTest"/>
  <testcase name="CreateContactTest" time="0.0" classname="com.crm.comcast.contactTest.ContactModuleTest">
    <ignored/>
  </testcase> <!-- CreateContactTest -->
  <testcase name="@AfterSuite configAS" time="0.0" classname="com.crm.comcast.genericlibrary.BaseClass">
    <ignored/>
  </testcase> <!-- @AfterSuite configAS -->
  <testcase name="@BeforeSuite configBS" time="0.0" classname="com.crm.comcast.genericlibrary.BaseClass">
    <ignored/>
  </testcase> <!-- @BeforeSuite configBS -->
  <testcase name="CreateOrgTest" time="0.0" classname="com.crm.comcast.organizationTest.OrganizationModuleTest">
    <ignored/>
  </testcase> <!-- CreateOrgTest -->
</testsuite> <!-- Test -->
