<?xml version="1.0" encoding="UTF-8"?>
<!-- Generated by org.testng.reporters.JUnitXMLReporter -->
<testsuite hostname="LAPTOP-1DG9OKO7" ignored="5" name="Test" tests="1" failures="0" timestamp="2022-01-21T13:30:57 IST" time="33.273" errors="0">
  <testcase name="CreateOrgTest" time="19.253" classname="com.crm.comcast.organizationTest.OrganizationModuleTest"/>
  <testcase name="CreateOrgWithIndustry" time="0.0" classname="com.crm.comcast.organizationTest.OrganizationModuleTest">
    <ignored/>
  </testcase> <!-- CreateOrgWithIndustry -->
  <testcase name="CreateContactTest" time="0.0" classname="com.crm.comcast.contactTest.ContactModuleTest">
    <ignored/>
  </testcase> <!-- CreateContactTest -->
  <testcase name="@AfterSuite configAS" time="0.0" classname="com.crm.comcast.genericlibrary.BaseClass">
    <ignored/>
  </testcase> <!-- @AfterSuite configAS -->
  <testcase name="@BeforeSuite configBS" time="0.0" classname="com.crm.comcast.genericlibrary.BaseClass">
    <ignored/>
  </testcase> <!-- @BeforeSuite configBS -->
  <testcase name="CreateContactWithOrgTest" time="0.0" classname="com.crm.comcast.contactTest.ContactModuleTest">
    <ignored/>
  </testcase> <!-- CreateContactWithOrgTest -->
</testsuite> <!-- Test -->
