<?xml version="1.0" encoding="UTF-8"?>
<testng-results skipped="0" failed="0" ignored="0" total="1" passed="1">
  <reporter-output>
  </reporter-output>
  <suite name="Default suite" duration-ms="72395" started-at="2022-03-26T16:49:11 IST" finished-at="2022-03-26T16:50:23 IST">
    <groups>
    </groups>
    <test name="Default test" duration-ms="72395" started-at="2022-03-26T16:49:11 IST" finished-at="2022-03-26T16:50:23 IST">
      <class name="practise.FlipkartForPhoneAndAmount">
        <test-method status="PASS" signature="flipkart()[pri:0, instance:practise.FlipkartForPhoneAndAmount@2c715e84]" name="flipkart" duration-ms="71711" started-at="2022-03-26T16:49:11 IST" finished-at="2022-03-26T16:50:23 IST">
          <reporter-output>
          </reporter-output>
        </test-method> <!-- flipkart -->
      </class> <!-- practise.FlipkartForPhoneAndAmount -->
    </test> <!-- Default test -->
  </suite> <!-- Default suite -->
</testng-results>
