<?xml version="1.0" encoding="UTF-8"?>
<!-- Generated by org.testng.reporters.JUnitXMLReporter -->
<testsuite hostname="LAPTOP-1DG9OKO7" ignored="4" name="Test" tests="2" failures="0" timestamp="2022-01-21T15:28:32 IST" time="87.61" errors="0">
  <testcase name="CreateOrgTest" time="21.339" classname="com.crm.comcast.organizationTest.OrganizationModuleTest"/>
  <testcase name="CreateContactWithOrgTest" time="37.345" classname="com.crm.comcast.contactTest.ContactModuleTest"/>
  <testcase name="CreateOrgWithIndustry" time="0.0" classname="com.crm.comcast.organizationTest.OrganizationModuleTest">
    <ignored/>
  </testcase> <!-- CreateOrgWithIndustry -->
  <testcase name="CreateContactTest" time="0.0" classname="com.crm.comcast.contactTest.ContactModuleTest">
    <ignored/>
  </testcase> <!-- CreateContactTest -->
  <testcase name="@AfterSuite configAS" time="0.0" classname="com.crm.comcast.genericlibrary.BaseClass">
    <ignored/>
  </testcase> <!-- @AfterSuite configAS -->
  <testcase name="@BeforeSuite configBS" time="0.0" classname="com.crm.comcast.genericlibrary.BaseClass">
    <ignored/>
  </testcase> <!-- @BeforeSuite configBS -->
</testsuite> <!-- Test -->
